article_03_04.htm : IMG/jpg/olan_schlieffen2.jpg
article_03_05.htm : IMG/jpg/concentration_francaise.jpg
article_04_35.htm : IMG/jpg/marche_generale_armees_all.jpg
article_04_36.htm : IMG/jpg/marche_generale_armees_all.jpg
article_04_37.htm : IMG/jpg/marche_generale_armees_all.jpg
article_04_37.htm : IMG/jpg/progression_allemands.jpg
article_04_38.htm : IMG/jpg/region_charleroi_namur.jpg
article_04_38.htm : IMG/jpg/marche_generale_armees_all.jpg
article_04_38.htm : IMG/jpg/progression_allemands.jpg
article_04_39.htm : IMG/jpg/marche_generale_armees_all.jpg
article_04_39.htm : IMG/jpg/progression_allemands.jpg
article_04_40.htm : IMG/jpg/marche_generale_armees_all.jpg
article_04_40.htm : IMG/jpg/progression_allemands.jpg
article_04_40.htm : IMG/jpg/region_charleroi_namur.jpg
article_04_41.htm : IMG/jpg/region_mons-2.jpg
article_04_41.htm : IMG/jpg/premiere_sortie_anvers.jpg
article_04_41.htm : IMG/jpg/marche_generale_armees_all.jpg
article_04_41.htm : IMG/jpg/progression_allemands.jpg
article_04_42.htm : IMG/jpg/mortagne_meurthe.jpg
article_04_42.htm : IMG/jpg/marche_generale_armees_all.jpg
article_04_42.htm : IMG/jpg/progression_allemands.jpg
article_04_43.htm : IMG/jpg/premiere_sortie_anvers.jpg
article_04_43.htm : IMG/jpg/progression_armees_all2.jpg
article_04_43.htm : IMG/jpg/progression_allemands.jpg
article_04_44.htm : IMG/jpg/progression_armees_all2.jpg
article_04_44.htm : IMG/jpg/progression_allemands.jpg
article_04_45.htm : IMG/jpg/progression_armees_all2.jpg
article_04_45.htm : IMG/jpg/progression_allemands.jpg
article_04_46.htm : IMG/jpg/progression_armees_all2.jpg
article_04_46.htm : IMG/jpg/progression_allemands.jpg
article_04_47.htm : IMG/jpg/progression_armees_all2.jpg
article_04_47.htm : IMG/jpg/progression_allemands.jpg
article_04_48.htm : IMG/jpg/progression_armees_all2.jpg
article_04_48.htm : IMG/jpg/progression_allemands.jpg
article_04_49.htm : IMG/jpg/progression_armees_all2.jpg
article_04_49.htm : IMG/jpg/progression_allemands.jpg
article_04_50.htm : IMG/jpg/progression_armees_all2.jpg
article_04_50.htm : IMG/jpg/progression_allemands.jpg
article_04_51.htm : IMG/jpg/progression_armees_all2.jpg
article_04_51.htm : IMG/jpg/progression_allemands.jpg
article_04_52.htm : IMG/jpg/progression_armees_all2.jpg
article_04_52.htm : IMG/jpg/progression_allemands.jpg
article_04_53.htm : IMG/jpg/progression_armees_all2.jpg
article_04_53.htm : IMG/jpg/progression_allemands.jpg
article_04_54.htm : IMG/jpg/progression_armees_all2.jpg
article_04_54.htm : IMG/jpg/progression_allemands.jpg
article_04_69.htm : IMG/jpg/deuxieme_sortie_anvers.jpg
article_04_71.htm : IMG/jpg/deuxieme_sortie_anvers.jpg
article_04_72.htm : IMG/jpg/deuxieme_sortie_anvers.jpg
article_04_73.htm : IMG/jpg/marne_11_14_septembre.jpg
article_04_73.htm : IMG/jpg/deuxieme_sortie_anvers.jpg
article_04_80.htm : IMG/jpg/champ_bataille_aisne.jpg
article_04_81.htm : IMG/jpg/champ_bataille_aisne.jpg
article_04_82.htm : IMG/jpg/champ_bataille_aisne.jpg
article_04_83.htm : IMG/jpg/champ_bataille_aisne.jpg
article_04_84.htm : IMG/jpg/champ_bataille_aisne.jpg
article_04_85.htm : IMG/jpg/champ_bataille_aisne.jpg
article_05_103.htm : IMG/jpg/hauts_de_meuse.jpg
article_05_12.htm : IMG/jpg/frontiere_1871.jpg
article_05_55.htm : IMG/jpg/bataille_ardennes2.jpg
article_05_56.htm : IMG/jpg/charleroi_namur.jpg
article_05_56.htm : IMG/jpg/bataille_charleroi.jpg
article_05_56.htm : IMG/jpg/bataille_charleroi2-2.jpg
article_05_57.htm : IMG/jpg/bataille_ardennes2.jpg
article_05_58.htm : IMG/jpg/mortagne_meurthe.jpg
article_05_58.htm : IMG/jpg/bataille_trouee_charmes.jpg
article_05_78.htm : IMG/jpg/carte_deux_morins.jpg
article_05_78.htm : IMG/jpg/carte_deux_morins2.jpg
article_05_78.htm : IMG/jpg/carte_deux_morins3.jpg
article_05_78.htm : IMG/jpg/bataille_morains1.jpg
article_05_86.htm : IMG/jpg/marche_1earmee_28_5.jpg
article_05_86.htm : IMG/jpg/ourcq_champ_bataille.jpg
article_05_86.htm : IMG/jpg/1stptembre_gallieni.jpg
article_05_86.htm : IMG/jpg/3setptembre_galliene.jpg
article_05_86.htm : IMG/jpg/5septembre_gallieni.jpg
article_05_86.htm : IMG/jpg/6septembre_gallieni.jpg
article_05_86.htm : IMG/jpg/marche_1earmee_6_9.jpg
article_05_86.htm : IMG/jpg/7_septembre_gallieni.jpg
article_05_86.htm : IMG/jpg/mouvement_CA_allemands_7_septembre.jpg
article_05_86.htm : IMG/jpg/marche_1earmee_28_5.jpg
article_05_86.htm : IMG/jpg/marche_1earmee_28_5.jpg
article_05_86.htm : IMG/jpg/8septembre_gallieni.jpg
article_05_86.htm : IMG/jpg/schlacht_ourcq_9_september.jpg
article_05_86.htm : IMG/jpg/10septembre_gallieni.jpg
article_05_86.htm : /web/20100417230729im_/http://www.sambre-marne-yser.be/IMG/jpg/etrepilly4.jpg
article_05_87.htm : IMG/jpg/aisne_5e_armee.jpg
article_05_87.htm : IMG/jpg/aisne_6e_armee.jpg
article_05_87.htm : IMG/jpg/aisne_armee_anglaise.jpg
article_05_87.htm : /web/20100417230028im_/http://www.sambre-marne-yser.be/IMG/jpg/franchet_esperey4.jpg
article_05_97.htm : IMG/jpg/revigny_7_septembre.jpg
article_05_97.htm : IMG/jpg/revigny_8_septembre.jpg
article_05_97.htm : IMG/jpg/revigny_9_septembre.jpg
article_05_97.htm : IMG/jpg/revigny_10_septembre.jpg
article_05_97.htm : IMG/jpg/revigny_11_14_septembre.jpg
article_06_13.htm : IMG/jpg/forts_liege2.jpg
article_06_13.htm : IMG/jpg/attaque_liege2.jpg
article_06_77.htm : IMG/jpg/defense_anvers.jpg
article_06_88.htm : IMG/jpg/forts_liege2.jpg
article_06_88.htm : IMG/jpg/plan_fort_loncin.jpg
article_07_10.htm : IMG/jpg/combat_halen.jpg
article_07_10.htm : IMG/jpg/halen_charges_cavalerie.jpg
article_07_10.htm : IMG/jpg/combat_halen_brig_mixte.jpg
article_07_100.htm : IMG/jpg/ethe2.jpg
article_07_100.htm : IMG/jpg/Ethe_9h30.jpg
article_07_102.htm : IMG/jpg/ochamps_luchy.jpg
article_07_21.htm : IMG/jpg/dinant5.jpg
article_07_272.htm : IMG/jpg/sortie_anvers_75.jpg
article_07_89.htm : IMG/jpg/sordet_6_15_aout.jpg
article_07_89.htm : IMG/jpg/sordet_6_7_aout.jpg
article_07_89.htm : IMG/jpg/sordet_8_9_aout.jpg
article_07_89.htm : IMG/jpg/sordet_10_11_aout.jpg
article_07_89.htm : IMG/jpg/sordet_13_14_15_aout.jpg
article_07_89.htm : IMG/jpg/sordet_15_16_17_aout.jpg
article_07_89.htm : IMG/jpg/sordet_18_aout.jpg
article_07_89.htm : IMG/jpg/sordet_19_aout.jpg
article_07_89.htm : IMG/jpg/sordet_20_21_aout.jpg
article_07_89.htm : IMG/jpg/sordet_22_23_24_aout.jpg
article_07_89.htm : IMG/jpg/sordet_26_aout.jpg
article_07_89.htm : IMG/jpg/sordet_27_aout.jpg
article_07_89.htm : IMG/jpg/sordet_28_aout.jpg
article_07_89.htm : IMG/jpg/sordet_29_aout.jpg
article_07_89.htm : IMG/jpg/sordet_30_31_aout.jpg
article_07_89.htm : IMG/jpg/sordet_1_5_septembre.jpg
article_07_89.htm : IMG/jpg/sordet_4_5_septembre.jpg
article_07_89.htm : IMG/jpg/sordet_7_septembre.jpg
article_07_92.htm : IMG/jpg/carte_combat_lobbes.jpg
article_07_93.htm : IMG/jpg/combat__de__collarmont.jpg
article_07_94.htm : IMG/jpg/virton_environs.jpg
article_07_94.htm : IMG/jpg/virton_8h.jpg
article_07_94.htm : IMG/jpg/virton_12h.jpg
article_07_94.htm : IMG/jpg/virton_18h.jpg
article_07_96.htm : IMG/jpg/cartemangiennes.jpg
article_07_96.htm : IMG/jpg/mangiennes1008.jpg
article_09_215.htm : IMG/jpg/haut_le_wastia.jpg
article_09_215.htm : IMG/jpg/Cuvette_anhee.jpg
article_09_215.htm : IMG/jpg/cuvette_anhee2-2.jpg
